{"C:\\Users\\Fabian\\Documents\\Respaldo_Proyecto_back\\proyecto_mapa_back\\server.js": {"path":"C:\\Users\\Fabian\\Documents\\Respaldo_Proyecto_back\\proyecto_mapa_back\\server.js","statementMap":{"0":{"start":{"line":1,"column":16},"end":{"line":1,"column":34}},"1":{"start":{"line":2,"column":13},"end":{"line":2,"column":28}},"2":{"start":{"line":3,"column":20},"end":{"line":3,"column":45}},"3":{"start":{"line":4,"column":26},"end":{"line":4,"column":63}},"4":{"start":{"line":5,"column":12},"end":{"line":5,"column":21}},"5":{"start":{"line":6,"column":13},"end":{"line":6,"column":28}},"6":{"start":{"line":7,"column":0},"end":{"line":7,"column":16}},"7":{"start":{"line":11,"column":0},"end":{"line":11,"column":24}},"8":{"start":{"line":12,"column":0},"end":{"line":12,"column":48}},"9":{"start":{"line":15,"column":0},"end":{"line":15,"column":35}},"10":{"start":{"line":16,"column":0},"end":{"line":16,"column":47}},"11":{"start":{"line":19,"column":0},"end":{"line":19,"column":56}},"12":{"start":{"line":22,"column":0},"end":{"line":28,"column":1}},"13":{"start":{"line":24,"column":15},"end":{"line":24,"column":39}},"14":{"start":{"line":25,"column":2},"end":{"line":27,"column":5}},"15":{"start":{"line":26,"column":4},"end":{"line":26,"column":66}},"16":{"start":{"line":30,"column":0},"end":{"line":30,"column":21}}},"fnMap":{"0":{"name":"(anonymous_0)","decl":{"start":{"line":25,"column":19},"end":{"line":25,"column":20}},"loc":{"start":{"line":25,"column":25},"end":{"line":27,"column":3}},"line":25}},"branchMap":{"0":{"loc":{"start":{"line":22,"column":0},"end":{"line":28,"column":1}},"type":"if","locations":[{"start":{"line":22,"column":0},"end":{"line":28,"column":1}},{"start":{},"end":{}}],"line":22},"1":{"loc":{"start":{"line":24,"column":15},"end":{"line":24,"column":39}},"type":"binary-expr","locations":[{"start":{"line":24,"column":15},"end":{"line":24,"column":31}},{"start":{"line":24,"column":35},"end":{"line":24,"column":39}}],"line":24}},"s":{"0":1,"1":1,"2":1,"3":1,"4":1,"5":1,"6":1,"7":1,"8":1,"9":1,"10":1,"11":1,"12":1,"13":0,"14":0,"15":0,"16":1},"f":{"0":0},"b":{"0":[0,1],"1":[0,0]},"_coverageSchema":"1a1c01bbd47fc00a2c39e90264f33305004495a9","hash":"3330400638f9238c63e987ef93394f2b5394f3c5"}
,"C:\\Users\\Fabian\\Documents\\Respaldo_Proyecto_back\\proyecto_mapa_back\\controllers\\healthCheckController.js": {"path":"C:\\Users\\Fabian\\Documents\\Respaldo_Proyecto_back\\proyecto_mapa_back\\controllers\\healthCheckController.js","statementMap":{"0":{"start":{"line":1,"column":20},"end":{"line":3,"column":3}},"1":{"start":{"line":2,"column":4},"end":{"line":2,"column":78}},"2":{"start":{"line":5,"column":2},"end":{"line":5,"column":35}}},"fnMap":{"0":{"name":"(anonymous_0)","decl":{"start":{"line":1,"column":20},"end":{"line":1,"column":21}},"loc":{"start":{"line":1,"column":34},"end":{"line":3,"column":3}},"line":1}},"branchMap":{},"s":{"0":1,"1":0,"2":1},"f":{"0":0},"b":{},"_coverageSchema":"1a1c01bbd47fc00a2c39e90264f33305004495a9","hash":"632603c38b1fc0cdac4e8eb021f9236c08413203"}
,"C:\\Users\\Fabian\\Documents\\Respaldo_Proyecto_back\\proyecto_mapa_back\\routes\\citas.js": {"path":"C:\\Users\\Fabian\\Documents\\Respaldo_Proyecto_back\\proyecto_mapa_back\\routes\\citas.js","statementMap":{"0":{"start":{"line":1,"column":16},"end":{"line":1,"column":34}},"1":{"start":{"line":2,"column":15},"end":{"line":2,"column":31}},"2":{"start":{"line":3,"column":11},"end":{"line":3,"column":42}},"3":{"start":{"line":4,"column":19},"end":{"line":4,"column":40}},"4":{"start":{"line":7,"column":0},"end":{"line":16,"column":3}},"5":{"start":{"line":8,"column":16},"end":{"line":8,"column":52}},"6":{"start":{"line":9,"column":2},"end":{"line":9,"column":30}},"7":{"start":{"line":10,"column":2},"end":{"line":15,"column":5}},"8":{"start":{"line":11,"column":4},"end":{"line":13,"column":5}},"9":{"start":{"line":12,"column":6},"end":{"line":12,"column":89}},"10":{"start":{"line":14,"column":4},"end":{"line":14,"column":22}},"11":{"start":{"line":18,"column":0},"end":{"line":34,"column":3}},"12":{"start":{"line":19,"column":65},"end":{"line":19,"column":73}},"13":{"start":{"line":20,"column":16},"end":{"line":20,"column":111}},"14":{"start":{"line":23,"column":2},"end":{"line":33,"column":5}},"15":{"start":{"line":24,"column":4},"end":{"line":26,"column":5}},"16":{"start":{"line":25,"column":6},"end":{"line":25,"column":85}},"17":{"start":{"line":29,"column":4},"end":{"line":32,"column":7}},"18":{"start":{"line":37,"column":0},"end":{"line":60,"column":3}},"19":{"start":{"line":38,"column":43},"end":{"line":38,"column":51}},"20":{"start":{"line":41,"column":2},"end":{"line":43,"column":3}},"21":{"start":{"line":42,"column":4},"end":{"line":42,"column":99}},"22":{"start":{"line":46,"column":16},"end":{"line":46,"column":80}},"23":{"start":{"line":49,"column":2},"end":{"line":59,"column":5}},"24":{"start":{"line":50,"column":4},"end":{"line":52,"column":5}},"25":{"start":{"line":51,"column":6},"end":{"line":51,"column":90}},"26":{"start":{"line":54,"column":4},"end":{"line":56,"column":5}},"27":{"start":{"line":55,"column":6},"end":{"line":55,"column":69}},"28":{"start":{"line":58,"column":4},"end":{"line":58,"column":59}},"29":{"start":{"line":64,"column":0},"end":{"line":87,"column":3}},"30":{"start":{"line":65,"column":36},"end":{"line":65,"column":44}},"31":{"start":{"line":68,"column":2},"end":{"line":70,"column":3}},"32":{"start":{"line":69,"column":4},"end":{"line":69,"column":99}},"33":{"start":{"line":73,"column":16},"end":{"line":73,"column":69}},"34":{"start":{"line":76,"column":2},"end":{"line":86,"column":5}},"35":{"start":{"line":77,"column":4},"end":{"line":79,"column":5}},"36":{"start":{"line":78,"column":6},"end":{"line":78,"column":90}},"37":{"start":{"line":81,"column":4},"end":{"line":83,"column":5}},"38":{"start":{"line":82,"column":6},"end":{"line":82,"column":69}},"39":{"start":{"line":85,"column":4},"end":{"line":85,"column":59}},"40":{"start":{"line":90,"column":0},"end":{"line":113,"column":3}},"41":{"start":{"line":91,"column":30},"end":{"line":91,"column":38}},"42":{"start":{"line":94,"column":2},"end":{"line":96,"column":3}},"43":{"start":{"line":95,"column":4},"end":{"line":95,"column":99}},"44":{"start":{"line":99,"column":16},"end":{"line":99,"column":63}},"45":{"start":{"line":102,"column":2},"end":{"line":112,"column":5}},"46":{"start":{"line":103,"column":4},"end":{"line":105,"column":5}},"47":{"start":{"line":104,"column":6},"end":{"line":104,"column":90}},"48":{"start":{"line":107,"column":4},"end":{"line":109,"column":5}},"49":{"start":{"line":108,"column":6},"end":{"line":108,"column":69}},"50":{"start":{"line":111,"column":4},"end":{"line":111,"column":59}},"51":{"start":{"line":116,"column":0},"end":{"line":144,"column":3}},"52":{"start":{"line":117,"column":17},"end":{"line":117,"column":28}},"53":{"start":{"line":120,"column":2},"end":{"line":122,"column":3}},"54":{"start":{"line":121,"column":4},"end":{"line":121,"column":68}},"55":{"start":{"line":125,"column":21},"end":{"line":125,"column":60}},"56":{"start":{"line":126,"column":2},"end":{"line":143,"column":5}},"57":{"start":{"line":127,"column":4},"end":{"line":129,"column":5}},"58":{"start":{"line":128,"column":6},"end":{"line":128,"column":106}},"59":{"start":{"line":131,"column":4},"end":{"line":133,"column":5}},"60":{"start":{"line":132,"column":6},"end":{"line":132,"column":68}},"61":{"start":{"line":136,"column":24},"end":{"line":136,"column":61}},"62":{"start":{"line":137,"column":4},"end":{"line":142,"column":7}},"63":{"start":{"line":138,"column":6},"end":{"line":140,"column":7}},"64":{"start":{"line":139,"column":8},"end":{"line":139,"column":90}},"65":{"start":{"line":141,"column":6},"end":{"line":141,"column":59}},"66":{"start":{"line":146,"column":20},"end":{"line":152,"column":2}},"67":{"start":{"line":155,"column":0},"end":{"line":178,"column":3}},"68":{"start":{"line":156,"column":32},"end":{"line":156,"column":40}},"69":{"start":{"line":159,"column":2},"end":{"line":161,"column":3}},"70":{"start":{"line":160,"column":4},"end":{"line":160,"column":95}},"71":{"start":{"line":163,"column":22},"end":{"line":168,"column":3}},"72":{"start":{"line":171,"column":2},"end":{"line":177,"column":5}},"73":{"start":{"line":172,"column":4},"end":{"line":175,"column":5}},"74":{"start":{"line":173,"column":6},"end":{"line":173,"column":57}},"75":{"start":{"line":174,"column":6},"end":{"line":174,"column":83}},"76":{"start":{"line":176,"column":4},"end":{"line":176,"column":63}},"77":{"start":{"line":179,"column":0},"end":{"line":179,"column":24}}},"fnMap":{"0":{"name":"(anonymous_0)","decl":{"start":{"line":7,"column":16},"end":{"line":7,"column":17}},"loc":{"start":{"line":7,"column":30},"end":{"line":16,"column":1}},"line":7},"1":{"name":"(anonymous_1)","decl":{"start":{"line":10,"column":18},"end":{"line":10,"column":19}},"loc":{"start":{"line":10,"column":36},"end":{"line":15,"column":3}},"line":10},"2":{"name":"(anonymous_2)","decl":{"start":{"line":18,"column":17},"end":{"line":18,"column":18}},"loc":{"start":{"line":18,"column":31},"end":{"line":34,"column":1}},"line":18},"3":{"name":"(anonymous_3)","decl":{"start":{"line":23,"column":72},"end":{"line":23,"column":73}},"loc":{"start":{"line":23,"column":90},"end":{"line":33,"column":3}},"line":23},"4":{"name":"(anonymous_4)","decl":{"start":{"line":37,"column":23},"end":{"line":37,"column":24}},"loc":{"start":{"line":37,"column":37},"end":{"line":60,"column":1}},"line":37},"5":{"name":"(anonymous_5)","decl":{"start":{"line":49,"column":50},"end":{"line":49,"column":51}},"loc":{"start":{"line":49,"column":68},"end":{"line":59,"column":3}},"line":49},"6":{"name":"(anonymous_6)","decl":{"start":{"line":64,"column":29},"end":{"line":64,"column":30}},"loc":{"start":{"line":64,"column":43},"end":{"line":87,"column":1}},"line":64},"7":{"name":"(anonymous_7)","decl":{"start":{"line":76,"column":43},"end":{"line":76,"column":44}},"loc":{"start":{"line":76,"column":61},"end":{"line":86,"column":3}},"line":76},"8":{"name":"(anonymous_8)","decl":{"start":{"line":90,"column":29},"end":{"line":90,"column":30}},"loc":{"start":{"line":90,"column":43},"end":{"line":113,"column":1}},"line":90},"9":{"name":"(anonymous_9)","decl":{"start":{"line":102,"column":37},"end":{"line":102,"column":38}},"loc":{"start":{"line":102,"column":55},"end":{"line":112,"column":3}},"line":102},"10":{"name":"(anonymous_10)","decl":{"start":{"line":116,"column":23},"end":{"line":116,"column":24}},"loc":{"start":{"line":116,"column":37},"end":{"line":144,"column":1}},"line":116},"11":{"name":"(anonymous_11)","decl":{"start":{"line":126,"column":33},"end":{"line":126,"column":34}},"loc":{"start":{"line":126,"column":51},"end":{"line":143,"column":3}},"line":126},"12":{"name":"(anonymous_12)","decl":{"start":{"line":137,"column":36},"end":{"line":137,"column":37}},"loc":{"start":{"line":137,"column":54},"end":{"line":142,"column":5}},"line":137},"13":{"name":"(anonymous_13)","decl":{"start":{"line":155,"column":27},"end":{"line":155,"column":28}},"loc":{"start":{"line":155,"column":41},"end":{"line":178,"column":1}},"line":155},"14":{"name":"(anonymous_14)","decl":{"start":{"line":171,"column":36},"end":{"line":171,"column":37}},"loc":{"start":{"line":171,"column":53},"end":{"line":177,"column":3}},"line":171}},"branchMap":{"0":{"loc":{"start":{"line":11,"column":4},"end":{"line":13,"column":5}},"type":"if","locations":[{"start":{"line":11,"column":4},"end":{"line":13,"column":5}},{"start":{},"end":{}}],"line":11},"1":{"loc":{"start":{"line":24,"column":4},"end":{"line":26,"column":5}},"type":"if","locations":[{"start":{"line":24,"column":4},"end":{"line":26,"column":5}},{"start":{},"end":{}}],"line":24},"2":{"loc":{"start":{"line":41,"column":2},"end":{"line":43,"column":3}},"type":"if","locations":[{"start":{"line":41,"column":2},"end":{"line":43,"column":3}},{"start":{},"end":{}}],"line":41},"3":{"loc":{"start":{"line":41,"column":6},"end":{"line":41,"column":30}},"type":"binary-expr","locations":[{"start":{"line":41,"column":6},"end":{"line":41,"column":14}},{"start":{"line":41,"column":18},"end":{"line":41,"column":30}}],"line":41},"4":{"loc":{"start":{"line":50,"column":4},"end":{"line":52,"column":5}},"type":"if","locations":[{"start":{"line":50,"column":4},"end":{"line":52,"column":5}},{"start":{},"end":{}}],"line":50},"5":{"loc":{"start":{"line":54,"column":4},"end":{"line":56,"column":5}},"type":"if","locations":[{"start":{"line":54,"column":4},"end":{"line":56,"column":5}},{"start":{},"end":{}}],"line":54},"6":{"loc":{"start":{"line":68,"column":2},"end":{"line":70,"column":3}},"type":"if","locations":[{"start":{"line":68,"column":2},"end":{"line":70,"column":3}},{"start":{},"end":{}}],"line":68},"7":{"loc":{"start":{"line":68,"column":6},"end":{"line":68,"column":31}},"type":"binary-expr","locations":[{"start":{"line":68,"column":6},"end":{"line":68,"column":14}},{"start":{"line":68,"column":18},"end":{"line":68,"column":31}}],"line":68},"8":{"loc":{"start":{"line":77,"column":4},"end":{"line":79,"column":5}},"type":"if","locations":[{"start":{"line":77,"column":4},"end":{"line":79,"column":5}},{"start":{},"end":{}}],"line":77},"9":{"loc":{"start":{"line":81,"column":4},"end":{"line":83,"column":5}},"type":"if","locations":[{"start":{"line":81,"column":4},"end":{"line":83,"column":5}},{"start":{},"end":{}}],"line":81},"10":{"loc":{"start":{"line":94,"column":2},"end":{"line":96,"column":3}},"type":"if","locations":[{"start":{"line":94,"column":2},"end":{"line":96,"column":3}},{"start":{},"end":{}}],"line":94},"11":{"loc":{"start":{"line":103,"column":4},"end":{"line":105,"column":5}},"type":"if","locations":[{"start":{"line":103,"column":4},"end":{"line":105,"column":5}},{"start":{},"end":{}}],"line":103},"12":{"loc":{"start":{"line":107,"column":4},"end":{"line":109,"column":5}},"type":"if","locations":[{"start":{"line":107,"column":4},"end":{"line":109,"column":5}},{"start":{},"end":{}}],"line":107},"13":{"loc":{"start":{"line":120,"column":2},"end":{"line":122,"column":3}},"type":"if","locations":[{"start":{"line":120,"column":2},"end":{"line":122,"column":3}},{"start":{},"end":{}}],"line":120},"14":{"loc":{"start":{"line":120,"column":6},"end":{"line":120,"column":30}},"type":"binary-expr","locations":[{"start":{"line":120,"column":6},"end":{"line":120,"column":13}},{"start":{"line":120,"column":17},"end":{"line":120,"column":30}}],"line":120},"15":{"loc":{"start":{"line":127,"column":4},"end":{"line":129,"column":5}},"type":"if","locations":[{"start":{"line":127,"column":4},"end":{"line":129,"column":5}},{"start":{},"end":{}}],"line":127},"16":{"loc":{"start":{"line":131,"column":4},"end":{"line":133,"column":5}},"type":"if","locations":[{"start":{"line":131,"column":4},"end":{"line":133,"column":5}},{"start":{},"end":{}}],"line":131},"17":{"loc":{"start":{"line":138,"column":6},"end":{"line":140,"column":7}},"type":"if","locations":[{"start":{"line":138,"column":6},"end":{"line":140,"column":7}},{"start":{},"end":{}}],"line":138},"18":{"loc":{"start":{"line":159,"column":2},"end":{"line":161,"column":3}},"type":"if","locations":[{"start":{"line":159,"column":2},"end":{"line":161,"column":3}},{"start":{},"end":{}}],"line":159},"19":{"loc":{"start":{"line":159,"column":6},"end":{"line":159,"column":30}},"type":"binary-expr","locations":[{"start":{"line":159,"column":6},"end":{"line":159,"column":9}},{"start":{"line":159,"column":13},"end":{"line":159,"column":21}},{"start":{"line":159,"column":25},"end":{"line":159,"column":30}}],"line":159},"20":{"loc":{"start":{"line":172,"column":4},"end":{"line":175,"column":5}},"type":"if","locations":[{"start":{"line":172,"column":4},"end":{"line":175,"column":5}},{"start":{},"end":{}}],"line":172}},"s":{"0":1,"1":1,"2":1,"3":1,"4":1,"5":1,"6":1,"7":1,"8":1,"9":0,"10":1,"11":1,"12":2,"13":2,"14":2,"15":2,"16":1,"17":1,"18":1,"19":0,"20":0,"21":0,"22":0,"23":0,"24":0,"25":0,"26":0,"27":0,"28":0,"29":1,"30":0,"31":0,"32":0,"33":0,"34":0,"35":0,"36":0,"37":0,"38":0,"39":0,"40":1,"41":0,"42":0,"43":0,"44":0,"45":0,"46":0,"47":0,"48":0,"49":0,"50":0,"51":1,"52":0,"53":0,"54":0,"55":0,"56":0,"57":0,"58":0,"59":0,"60":0,"61":0,"62":0,"63":0,"64":0,"65":0,"66":1,"67":1,"68":0,"69":0,"70":0,"71":0,"72":0,"73":0,"74":0,"75":0,"76":0,"77":1},"f":{"0":1,"1":1,"2":2,"3":2,"4":0,"5":0,"6":0,"7":0,"8":0,"9":0,"10":0,"11":0,"12":0,"13":0,"14":0},"b":{"0":[0,1],"1":[1,1],"2":[0,0],"3":[0,0],"4":[0,0],"5":[0,0],"6":[0,0],"7":[0,0],"8":[0,0],"9":[0,0],"10":[0,0],"11":[0,0],"12":[0,0],"13":[0,0],"14":[0,0],"15":[0,0],"16":[0,0],"17":[0,0],"18":[0,0],"19":[0,0,0],"20":[0,0]},"_coverageSchema":"1a1c01bbd47fc00a2c39e90264f33305004495a9","hash":"c64c7650cfb4b1e3a292d71ecdc96b6e2e13f29e"}
,"C:\\Users\\Fabian\\Documents\\Respaldo_Proyecto_back\\proyecto_mapa_back\\routes\\healthCheckRoutes.js": {"path":"C:\\Users\\Fabian\\Documents\\Respaldo_Proyecto_back\\proyecto_mapa_back\\routes\\healthCheckRoutes.js","statementMap":{"0":{"start":{"line":2,"column":16},"end":{"line":2,"column":34}},"1":{"start":{"line":3,"column":24},"end":{"line":3,"column":71}},"2":{"start":{"line":4,"column":15},"end":{"line":4,"column":31}},"3":{"start":{"line":7,"column":0},"end":{"line":7,"column":29}},"4":{"start":{"line":9,"column":0},"end":{"line":9,"column":24}}},"fnMap":{},"branchMap":{},"s":{"0":1,"1":1,"2":1,"3":1,"4":1},"f":{},"b":{},"_coverageSchema":"1a1c01bbd47fc00a2c39e90264f33305004495a9","hash":"c40920f4c89cbb8f656f174e3aa92325694476a2"}
}
